<?xml version="1.0" encoding="UTF-8"?>
<!-- Generated by org.testng.reporters.JUnitReportReporter -->
<testsuite hostname="Cedrics-MacBook-Pro.local" name="test.ant.MultipleThreadTest" tests="20" failures="0" timestamp="12 May 2013 15:05:05 GMT" time="0.013" errors="0">
  <testcase name="recordThread06" time="0.000" classname="test.ant.MultipleThreadTest"/>
  <testcase name="recordThread05" time="0.000" classname="test.ant.MultipleThreadTest"/>
  <testcase name="recordThread12" time="0.001" classname="test.ant.MultipleThreadTest"/>
  <testcase name="recordThread07" time="0.001" classname="test.ant.MultipleThreadTest"/>
  <testcase name="recordThread03" time="0.002" classname="test.ant.MultipleThreadTest"/>
  <testcase name="recordThread13" time="0.000" classname="test.ant.MultipleThreadTest"/>
  <testcase name="recordThread00" time="0.001" classname="test.ant.MultipleThreadTest"/>
  <testcase name="recordThread16" time="0.000" classname="test.ant.MultipleThreadTest"/>
  <testcase name="recordThread14" time="0.001" classname="test.ant.MultipleThreadTest"/>
  <testcase name="recordThread11" time="0.000" classname="test.ant.MultipleThreadTest"/>
  <testcase name="recordThread09" time="0.001" classname="test.ant.MultipleThreadTest"/>
  <testcase name="recordThread04" time="0.000" classname="test.ant.MultipleThreadTest"/>
  <testcase name="recordThread15" time="0.000" classname="test.ant.MultipleThreadTest"/>
  <testcase name="recordThread17" time="0.000" classname="test.ant.MultipleThreadTest"/>
  <testcase name="recordThread10" time="0.000" classname="test.ant.MultipleThreadTest"/>
  <testcase name="recordThread08" time="0.001" classname="test.ant.MultipleThreadTest"/>
  <testcase name="recordThread18" time="0.000" classname="test.ant.MultipleThreadTest"/>
  <testcase name="recordThread01" time="0.000" classname="test.ant.MultipleThreadTest"/>
  <testcase name="recordThread02" time="0.004" classname="test.ant.MultipleThreadTest"/>
  <testcase name="recordThread19" time="0.001" classname="test.ant.MultipleThreadTest"/>
</testsuite> <!-- test.ant.MultipleThreadTest -->
