<?xml version="1.0" encoding="UTF-8"?>
<!-- Generated by org.testng.reporters.JUnitReportReporter -->
<testsuite hostname="Cedrics-MacBook-Pro.local" name="test.ant.NoPackageTest" tests="1" failures="0" timestamp="12 May 2013 15:05:05 GMT" time="0.001" errors="0">
  <testcase name="test" time="0.001" classname="test.ant.NoPackageTest"/>
</testsuite> <!-- test.ant.NoPackageTest -->
