<?xml version="1.0" encoding="UTF-8"?>
<!-- Generated by org.testng.reporters.JUnitReportReporter -->
<testsuite hostname="Cedrics-MacBook-Pro.local" name="test.ant.DontOverrideSuiteNameTest" tests="1" failures="0" timestamp="12 May 2013 15:05:07 GMT" time="0.007" errors="0">
  <testcase name="test" time="0.007" classname="test.ant.DontOverrideSuiteNameTest"/>
</testsuite> <!-- test.ant.DontOverrideSuiteNameTest -->
